{"C:\\Users\\b_bry\\Documents\\Ingenieria\\9no\\PrograWeb\\ProyectoWeb\\frontend\\src\\App.jsx": {"path":"C:\\Users\\b_bry\\Documents\\Ingenieria\\9no\\PrograWeb\\ProyectoWeb\\frontend\\src\\App.jsx","statementMap":{"0":{"start":{"line":11,"column":2},"end":{"line":24,"column":4}}},"fnMap":{"0":{"name":"App","decl":{"start":{"line":10,"column":24},"end":{"line":10,"column":27}},"loc":{"start":{"line":10,"column":30},"end":{"line":25,"column":1}},"line":10}},"branchMap":{},"s":{"0":0},"f":{"0":0},"b":{}}
,"C:\\Users\\b_bry\\Documents\\Ingenieria\\9no\\PrograWeb\\ProyectoWeb\\frontend\\src\\main.jsx": {"path":"C:\\Users\\b_bry\\Documents\\Ingenieria\\9no\\PrograWeb\\ProyectoWeb\\frontend\\src\\main.jsx","statementMap":{"0":{"start":{"line":7,"column":0},"end":{"line":13,"column":2}}},"fnMap":{},"branchMap":{},"s":{"0":0},"f":{},"b":{}}
,"C:\\Users\\b_bry\\Documents\\Ingenieria\\9no\\PrograWeb\\ProyectoWeb\\frontend\\src\\Componentes\\AdminDashboard.jsx": {"path":"C:\\Users\\b_bry\\Documents\\Ingenieria\\9no\\PrograWeb\\ProyectoWeb\\frontend\\src\\Componentes\\AdminDashboard.jsx","statementMap":{"0":{"start":{"line":9,"column":26},"end":{"line":9,"column":43}},"1":{"start":{"line":11,"column":2},"end":{"line":50,"column":4}},"2":{"start":{"line":22,"column":27},"end":{"line":22,"column":43}},"3":{"start":{"line":30,"column":27},"end":{"line":30,"column":47}}},"fnMap":{"0":{"name":"AdminDashboard","decl":{"start":{"line":8,"column":24},"end":{"line":8,"column":38}},"loc":{"start":{"line":8,"column":41},"end":{"line":51,"column":1}},"line":8},"1":{"name":"(anonymous_1)","decl":{"start":{"line":22,"column":21},"end":{"line":22,"column":22}},"loc":{"start":{"line":22,"column":27},"end":{"line":22,"column":43}},"line":22},"2":{"name":"(anonymous_2)","decl":{"start":{"line":30,"column":21},"end":{"line":30,"column":22}},"loc":{"start":{"line":30,"column":27},"end":{"line":30,"column":47}},"line":30}},"branchMap":{"0":{"loc":{"start":{"line":21,"column":37},"end":{"line":21,"column":69}},"type":"cond-expr","locations":[{"start":{"line":21,"column":56},"end":{"line":21,"column":64}},{"start":{"line":21,"column":67},"end":{"line":21,"column":69}}],"line":21},"1":{"loc":{"start":{"line":29,"column":37},"end":{"line":29,"column":73}},"type":"cond-expr","locations":[{"start":{"line":29,"column":60},"end":{"line":29,"column":68}},{"start":{"line":29,"column":71},"end":{"line":29,"column":73}}],"line":29},"2":{"loc":{"start":{"line":45,"column":11},"end":{"line":45,"column":47}},"type":"binary-expr","locations":[{"start":{"line":45,"column":11},"end":{"line":45,"column":27}},{"start":{"line":45,"column":31},"end":{"line":45,"column":47}}],"line":45},"3":{"loc":{"start":{"line":46,"column":11},"end":{"line":46,"column":55}},"type":"binary-expr","locations":[{"start":{"line":46,"column":11},"end":{"line":46,"column":31}},{"start":{"line":46,"column":35},"end":{"line":46,"column":55}}],"line":46}},"s":{"0":0,"1":0,"2":0,"3":0},"f":{"0":0,"1":0,"2":0},"b":{"0":[0,0],"1":[0,0],"2":[0,0],"3":[0,0]},"_coverageSchema":"1a1c01bbd47fc00a2c39e90264f33305004495a9","hash":"21a2aae1708b68ed9c21cb409d533bdd9f2520fd"}
,"C:\\Users\\b_bry\\Documents\\Ingenieria\\9no\\PrograWeb\\ProyectoWeb\\frontend\\src\\Componentes\\ClienteDashboard.jsx": {"path":"C:\\Users\\b_bry\\Documents\\Ingenieria\\9no\\PrograWeb\\ProyectoWeb\\frontend\\src\\Componentes\\ClienteDashboard.jsx","statementMap":{"0":{"start":{"line":11,"column":26},"end":{"line":11,"column":47}},"1":{"start":{"line":13,"column":2},"end":{"line":46,"column":4}},"2":{"start":{"line":20,"column":27},"end":{"line":20,"column":47}},"3":{"start":{"line":28,"column":27},"end":{"line":28,"column":49}}},"fnMap":{"0":{"name":"ClientDashboard","decl":{"start":{"line":10,"column":24},"end":{"line":10,"column":39}},"loc":{"start":{"line":10,"column":42},"end":{"line":47,"column":1}},"line":10},"1":{"name":"(anonymous_1)","decl":{"start":{"line":20,"column":21},"end":{"line":20,"column":22}},"loc":{"start":{"line":20,"column":27},"end":{"line":20,"column":47}},"line":20},"2":{"name":"(anonymous_2)","decl":{"start":{"line":28,"column":21},"end":{"line":28,"column":22}},"loc":{"start":{"line":28,"column":27},"end":{"line":28,"column":49}},"line":28}},"branchMap":{"0":{"loc":{"start":{"line":19,"column":45},"end":{"line":19,"column":81}},"type":"cond-expr","locations":[{"start":{"line":19,"column":68},"end":{"line":19,"column":76}},{"start":{"line":19,"column":79},"end":{"line":19,"column":81}}],"line":19},"1":{"loc":{"start":{"line":27,"column":45},"end":{"line":27,"column":83}},"type":"cond-expr","locations":[{"start":{"line":27,"column":70},"end":{"line":27,"column":78}},{"start":{"line":27,"column":81},"end":{"line":27,"column":83}}],"line":27},"2":{"loc":{"start":{"line":41,"column":9},"end":{"line":41,"column":46}},"type":"binary-expr","locations":[{"start":{"line":41,"column":9},"end":{"line":41,"column":29}},{"start":{"line":41,"column":33},"end":{"line":41,"column":46}}],"line":41},"3":{"loc":{"start":{"line":42,"column":9},"end":{"line":42,"column":51}},"type":"binary-expr","locations":[{"start":{"line":42,"column":9},"end":{"line":42,"column":28}},{"start":{"line":42,"column":32},"end":{"line":42,"column":51}}],"line":42},"4":{"loc":{"start":{"line":43,"column":9},"end":{"line":43,"column":55}},"type":"binary-expr","locations":[{"start":{"line":43,"column":9},"end":{"line":43,"column":31}},{"start":{"line":43,"column":35},"end":{"line":43,"column":55}}],"line":43}},"s":{"0":0,"1":0,"2":0,"3":0},"f":{"0":0,"1":0,"2":0},"b":{"0":[0,0],"1":[0,0],"2":[0,0],"3":[0,0],"4":[0,0]}}
,"C:\\Users\\b_bry\\Documents\\Ingenieria\\9no\\PrograWeb\\ProyectoWeb\\frontend\\src\\Componentes\\GestionPeliculas.jsx": {"path":"C:\\Users\\b_bry\\Documents\\Ingenieria\\9no\\PrograWeb\\ProyectoWeb\\frontend\\src\\Componentes\\GestionPeliculas.jsx","statementMap":{"0":{"start":{"line":7,"column":36},"end":{"line":7,"column":48}},"1":{"start":{"line":8,"column":26},"end":{"line":8,"column":66}},"2":{"start":{"line":9,"column":28},"end":{"line":9,"column":40}},"3":{"start":{"line":11,"column":2},"end":{"line":13,"column":9}},"4":{"start":{"line":12,"column":4},"end":{"line":12,"column":22}},"5":{"start":{"line":15,"column":26},"end":{"line":22,"column":3}},"6":{"start":{"line":16,"column":4},"end":{"line":21,"column":5}},"7":{"start":{"line":17,"column":18},"end":{"line":17,"column":45}},"8":{"start":{"line":18,"column":6},"end":{"line":18,"column":29}},"9":{"start":{"line":20,"column":6},"end":{"line":20,"column":44}},"10":{"start":{"line":24,"column":23},"end":{"line":29,"column":3}},"11":{"start":{"line":25,"column":4},"end":{"line":28,"column":7}},"12":{"start":{"line":31,"column":22},"end":{"line":46,"column":3}},"13":{"start":{"line":32,"column":4},"end":{"line":32,"column":17}},"14":{"start":{"line":33,"column":4},"end":{"line":36,"column":5}},"15":{"start":{"line":34,"column":6},"end":{"line":34,"column":50}},"16":{"start":{"line":35,"column":6},"end":{"line":35,"column":13}},"17":{"start":{"line":38,"column":4},"end":{"line":45,"column":5}},"18":{"start":{"line":39,"column":6},"end":{"line":39,"column":41}},"19":{"start":{"line":40,"column":6},"end":{"line":40,"column":30}},"20":{"start":{"line":41,"column":6},"end":{"line":41,"column":46}},"21":{"start":{"line":44,"column":6},"end":{"line":44,"column":71}},"22":{"start":{"line":48,"column":23},"end":{"line":55,"column":3}},"23":{"start":{"line":49,"column":4},"end":{"line":54,"column":5}},"24":{"start":{"line":50,"column":6},"end":{"line":50,"column":43}},"25":{"start":{"line":51,"column":6},"end":{"line":51,"column":55}},"26":{"start":{"line":51,"column":41},"end":{"line":51,"column":52}},"27":{"start":{"line":53,"column":6},"end":{"line":53,"column":45}},"28":{"start":{"line":57,"column":2},"end":{"line":126,"column":4}},"29":{"start":{"line":95,"column":10},"end":{"line":122,"column":17}},"30":{"start":{"line":103,"column":20},"end":{"line":103,"column":63}},"31":{"start":{"line":104,"column":20},"end":{"line":104,"column":58}},"32":{"start":{"line":116,"column":33},"end":{"line":116,"column":51}}},"fnMap":{"0":{"name":"GestionPeliculas","decl":{"start":{"line":6,"column":24},"end":{"line":6,"column":40}},"loc":{"start":{"line":6,"column":43},"end":{"line":127,"column":1}},"line":6},"1":{"name":"(anonymous_1)","decl":{"start":{"line":11,"column":12},"end":{"line":11,"column":13}},"loc":{"start":{"line":11,"column":18},"end":{"line":13,"column":3}},"line":11},"2":{"name":"(anonymous_2)","decl":{"start":{"line":15,"column":26},"end":{"line":15,"column":27}},"loc":{"start":{"line":15,"column":38},"end":{"line":22,"column":3}},"line":15},"3":{"name":"(anonymous_3)","decl":{"start":{"line":24,"column":23},"end":{"line":24,"column":24}},"loc":{"start":{"line":24,"column":30},"end":{"line":29,"column":3}},"line":24},"4":{"name":"(anonymous_4)","decl":{"start":{"line":31,"column":22},"end":{"line":31,"column":23}},"loc":{"start":{"line":31,"column":34},"end":{"line":46,"column":3}},"line":31},"5":{"name":"(anonymous_5)","decl":{"start":{"line":48,"column":23},"end":{"line":48,"column":24}},"loc":{"start":{"line":48,"column":37},"end":{"line":55,"column":3}},"line":48},"6":{"name":"(anonymous_6)","decl":{"start":{"line":51,"column":36},"end":{"line":51,"column":37}},"loc":{"start":{"line":51,"column":41},"end":{"line":51,"column":52}},"line":51},"7":{"name":"(anonymous_7)","decl":{"start":{"line":94,"column":23},"end":{"line":94,"column":24}},"loc":{"start":{"line":95,"column":10},"end":{"line":122,"column":17}},"line":95},"8":{"name":"(anonymous_8)","decl":{"start":{"line":102,"column":27},"end":{"line":102,"column":28}},"loc":{"start":{"line":102,"column":34},"end":{"line":105,"column":19}},"line":102},"9":{"name":"(anonymous_9)","decl":{"start":{"line":116,"column":27},"end":{"line":116,"column":28}},"loc":{"start":{"line":116,"column":33},"end":{"line":116,"column":51}},"line":116}},"branchMap":{"0":{"loc":{"start":{"line":33,"column":4},"end":{"line":36,"column":5}},"type":"if","locations":[{"start":{"line":33,"column":4},"end":{"line":36,"column":5}},{"start":{},"end":{}}],"line":33},"1":{"loc":{"start":{"line":33,"column":8},"end":{"line":33,"column":40}},"type":"binary-expr","locations":[{"start":{"line":33,"column":8},"end":{"line":33,"column":20}},{"start":{"line":33,"column":24},"end":{"line":33,"column":40}}],"line":33},"2":{"loc":{"start":{"line":44,"column":15},"end":{"line":44,"column":69}},"type":"binary-expr","locations":[{"start":{"line":44,"column":15},"end":{"line":44,"column":40}},{"start":{"line":44,"column":44},"end":{"line":44,"column":69}}],"line":44},"3":{"loc":{"start":{"line":63,"column":7},"end":{"line":63,"column":60}},"type":"binary-expr","locations":[{"start":{"line":63,"column":7},"end":{"line":63,"column":12}},{"start":{"line":63,"column":16},"end":{"line":63,"column":60}}],"line":63}},"s":{"0":0,"1":0,"2":0,"3":0,"4":0,"5":0,"6":0,"7":0,"8":0,"9":0,"10":0,"11":0,"12":0,"13":0,"14":0,"15":0,"16":0,"17":0,"18":0,"19":0,"20":0,"21":0,"22":0,"23":0,"24":0,"25":0,"26":0,"27":0,"28":0,"29":0,"30":0,"31":0,"32":0},"f":{"0":0,"1":0,"2":0,"3":0,"4":0,"5":0,"6":0,"7":0,"8":0,"9":0},"b":{"0":[0,0],"1":[0,0],"2":[0,0],"3":[0,0]}}
,"C:\\Users\\b_bry\\Documents\\Ingenieria\\9no\\PrograWeb\\ProyectoWeb\\frontend\\src\\Componentes\\GestionSalas.jsx": {"path":"C:\\Users\\b_bry\\Documents\\Ingenieria\\9no\\PrograWeb\\ProyectoWeb\\frontend\\src\\Componentes\\GestionSalas.jsx","statementMap":{"0":{"start":{"line":11,"column":28},"end":{"line":11,"column":40}},"1":{"start":{"line":12,"column":28},"end":{"line":12,"column":40}},"2":{"start":{"line":13,"column":26},"end":{"line":13,"column":88}},"3":{"start":{"line":14,"column":28},"end":{"line":14,"column":40}},"4":{"start":{"line":16,"column":2},"end":{"line":19,"column":9}},"5":{"start":{"line":17,"column":4},"end":{"line":17,"column":48}},"6":{"start":{"line":17,"column":30},"end":{"line":17,"column":46}},"7":{"start":{"line":18,"column":4},"end":{"line":18,"column":52}},"8":{"start":{"line":18,"column":34},"end":{"line":18,"column":50}},"9":{"start":{"line":21,"column":16},"end":{"line":43,"column":3}},"10":{"start":{"line":22,"column":4},"end":{"line":22,"column":17}},"11":{"start":{"line":23,"column":4},"end":{"line":42,"column":5}},"12":{"start":{"line":24,"column":22},"end":{"line":29,"column":7}},"13":{"start":{"line":30,"column":18},"end":{"line":30,"column":51}},"14":{"start":{"line":31,"column":23},"end":{"line":31,"column":64}},"15":{"start":{"line":31,"column":37},"end":{"line":31,"column":63}},"16":{"start":{"line":32,"column":6},"end":{"line":38,"column":10}},"17":{"start":{"line":39,"column":6},"end":{"line":39,"column":68}},"18":{"start":{"line":41,"column":6},"end":{"line":41,"column":65}},"19":{"start":{"line":45,"column":17},"end":{"line":53,"column":3}},"20":{"start":{"line":46,"column":4},"end":{"line":46,"column":17}},"21":{"start":{"line":47,"column":4},"end":{"line":52,"column":5}},"22":{"start":{"line":48,"column":6},"end":{"line":48,"column":39}},"23":{"start":{"line":49,"column":6},"end":{"line":49,"column":43}},"24":{"start":{"line":49,"column":31},"end":{"line":49,"column":40}},"25":{"start":{"line":51,"column":6},"end":{"line":51,"column":68}},"26":{"start":{"line":55,"column":2},"end":{"line":180,"column":4}},"27":{"start":{"line":76,"column":23},"end":{"line":76,"column":65}},"28":{"start":{"line":85,"column":23},"end":{"line":85,"column":70}},"29":{"start":{"line":92,"column":10},"end":{"line":92,"column":65}},"30":{"start":{"line":102,"column":23},"end":{"line":102,"column":64}},"31":{"start":{"line":109,"column":23},"end":{"line":109,"column":67}},"32":{"start":{"line":127,"column":10},"end":{"line":176,"column":16}},"33":{"start":{"line":135,"column":20},"end":{"line":135,"column":59}},"34":{"start":{"line":136,"column":20},"end":{"line":136,"column":58}},"35":{"start":{"line":170,"column":31},"end":{"line":170,"column":43}}},"fnMap":{"0":{"name":"GestionSalas","decl":{"start":{"line":10,"column":24},"end":{"line":10,"column":36}},"loc":{"start":{"line":10,"column":39},"end":{"line":181,"column":1}},"line":10},"1":{"name":"(anonymous_1)","decl":{"start":{"line":16,"column":12},"end":{"line":16,"column":13}},"loc":{"start":{"line":16,"column":18},"end":{"line":19,"column":3}},"line":16},"2":{"name":"(anonymous_2)","decl":{"start":{"line":17,"column":27},"end":{"line":17,"column":28}},"loc":{"start":{"line":17,"column":30},"end":{"line":17,"column":46}},"line":17},"3":{"name":"(anonymous_3)","decl":{"start":{"line":18,"column":31},"end":{"line":18,"column":32}},"loc":{"start":{"line":18,"column":34},"end":{"line":18,"column":50}},"line":18},"4":{"name":"(anonymous_4)","decl":{"start":{"line":21,"column":16},"end":{"line":21,"column":17}},"loc":{"start":{"line":21,"column":28},"end":{"line":43,"column":3}},"line":21},"5":{"name":"(anonymous_5)","decl":{"start":{"line":31,"column":34},"end":{"line":31,"column":35}},"loc":{"start":{"line":31,"column":37},"end":{"line":31,"column":63}},"line":31},"6":{"name":"(anonymous_6)","decl":{"start":{"line":45,"column":17},"end":{"line":45,"column":18}},"loc":{"start":{"line":45,"column":29},"end":{"line":53,"column":3}},"line":45},"7":{"name":"(anonymous_7)","decl":{"start":{"line":49,"column":28},"end":{"line":49,"column":29}},"loc":{"start":{"line":49,"column":31},"end":{"line":49,"column":40}},"line":49},"8":{"name":"(anonymous_8)","decl":{"start":{"line":76,"column":18},"end":{"line":76,"column":19}},"loc":{"start":{"line":76,"column":23},"end":{"line":76,"column":65}},"line":76},"9":{"name":"(anonymous_9)","decl":{"start":{"line":85,"column":18},"end":{"line":85,"column":19}},"loc":{"start":{"line":85,"column":23},"end":{"line":85,"column":70}},"line":85},"10":{"name":"(anonymous_10)","decl":{"start":{"line":91,"column":19},"end":{"line":91,"column":20}},"loc":{"start":{"line":92,"column":10},"end":{"line":92,"column":65}},"line":92},"11":{"name":"(anonymous_11)","decl":{"start":{"line":102,"column":18},"end":{"line":102,"column":19}},"loc":{"start":{"line":102,"column":23},"end":{"line":102,"column":64}},"line":102},"12":{"name":"(anonymous_12)","decl":{"start":{"line":109,"column":18},"end":{"line":109,"column":19}},"loc":{"start":{"line":109,"column":23},"end":{"line":109,"column":67}},"line":109},"13":{"name":"(anonymous_13)","decl":{"start":{"line":126,"column":19},"end":{"line":126,"column":20}},"loc":{"start":{"line":127,"column":10},"end":{"line":176,"column":16}},"line":127},"14":{"name":"(anonymous_14)","decl":{"start":{"line":134,"column":27},"end":{"line":134,"column":28}},"loc":{"start":{"line":134,"column":34},"end":{"line":137,"column":19}},"line":134},"15":{"name":"(anonymous_15)","decl":{"start":{"line":170,"column":25},"end":{"line":170,"column":26}},"loc":{"start":{"line":170,"column":31},"end":{"line":170,"column":43}},"line":170}},"branchMap":{"0":{"loc":{"start":{"line":41,"column":15},"end":{"line":41,"column":63}},"type":"binary-expr","locations":[{"start":{"line":41,"column":15},"end":{"line":41,"column":38}},{"start":{"line":41,"column":42},"end":{"line":41,"column":63}}],"line":41},"1":{"loc":{"start":{"line":51,"column":15},"end":{"line":51,"column":66}},"type":"binary-expr","locations":[{"start":{"line":51,"column":15},"end":{"line":51,"column":38}},{"start":{"line":51,"column":42},"end":{"line":51,"column":66}}],"line":51},"2":{"loc":{"start":{"line":66,"column":7},"end":{"line":66,"column":60}},"type":"binary-expr","locations":[{"start":{"line":66,"column":7},"end":{"line":66,"column":12}},{"start":{"line":66,"column":16},"end":{"line":66,"column":60}}],"line":66},"3":{"loc":{"start":{"line":69,"column":3},"end":{"line":69,"column":56}},"type":"binary-expr","locations":[{"start":{"line":69,"column":3},"end":{"line":69,"column":8}},{"start":{"line":69,"column":12},"end":{"line":69,"column":56}}],"line":69},"4":{"loc":{"start":{"line":129,"column":15},"end":{"line":139,"column":15}},"type":"binary-expr","locations":[{"start":{"line":129,"column":15},"end":{"line":129,"column":36}},{"start":{"line":130,"column":16},"end":{"line":138,"column":18}}],"line":129}},"s":{"0":0,"1":0,"2":0,"3":0,"4":0,"5":0,"6":0,"7":0,"8":0,"9":0,"10":0,"11":0,"12":0,"13":0,"14":0,"15":0,"16":0,"17":0,"18":0,"19":0,"20":0,"21":0,"22":0,"23":0,"24":0,"25":0,"26":0,"27":0,"28":0,"29":0,"30":0,"31":0,"32":0,"33":0,"34":0,"35":0},"f":{"0":0,"1":0,"2":0,"3":0,"4":0,"5":0,"6":0,"7":0,"8":0,"9":0,"10":0,"11":0,"12":0,"13":0,"14":0,"15":0},"b":{"0":[0,0],"1":[0,0],"2":[0,0],"3":[0,0],"4":[0,0]}}
,"C:\\Users\\b_bry\\Documents\\Ingenieria\\9no\\PrograWeb\\ProyectoWeb\\frontend\\src\\Componentes\\ListaSalas.jsx": {"path":"C:\\Users\\b_bry\\Documents\\Ingenieria\\9no\\PrograWeb\\ProyectoWeb\\frontend\\src\\Componentes\\ListaSalas.jsx","statementMap":{"0":{"start":{"line":5,"column":28},"end":{"line":5,"column":40}},"1":{"start":{"line":7,"column":2},"end":{"line":11,"column":9}},"2":{"start":{"line":8,"column":4},"end":{"line":10,"column":51}},"3":{"start":{"line":9,"column":21},"end":{"line":9,"column":39}},"4":{"start":{"line":10,"column":19},"end":{"line":10,"column":49}},"5":{"start":{"line":13,"column":2},"end":{"line":24,"column":4}},"6":{"start":{"line":18,"column":10},"end":{"line":20,"column":15}}},"fnMap":{"0":{"name":"ListaSalas","decl":{"start":{"line":4,"column":9},"end":{"line":4,"column":19}},"loc":{"start":{"line":4,"column":22},"end":{"line":25,"column":1}},"line":4},"1":{"name":"(anonymous_1)","decl":{"start":{"line":7,"column":12},"end":{"line":7,"column":13}},"loc":{"start":{"line":7,"column":18},"end":{"line":11,"column":3}},"line":7},"2":{"name":"(anonymous_2)","decl":{"start":{"line":9,"column":12},"end":{"line":9,"column":13}},"loc":{"start":{"line":9,"column":21},"end":{"line":9,"column":39}},"line":9},"3":{"name":"(anonymous_3)","decl":{"start":{"line":10,"column":13},"end":{"line":10,"column":14}},"loc":{"start":{"line":10,"column":19},"end":{"line":10,"column":49}},"line":10},"4":{"name":"(anonymous_4)","decl":{"start":{"line":17,"column":19},"end":{"line":17,"column":20}},"loc":{"start":{"line":18,"column":10},"end":{"line":20,"column":15}},"line":18}},"branchMap":{},"s":{"0":0,"1":0,"2":0,"3":0,"4":0,"5":0,"6":0},"f":{"0":0,"1":0,"2":0,"3":0,"4":0},"b":{}}
,"C:\\Users\\b_bry\\Documents\\Ingenieria\\9no\\PrograWeb\\ProyectoWeb\\frontend\\src\\Componentes\\Login.jsx": {"path":"C:\\Users\\b_bry\\Documents\\Ingenieria\\9no\\PrograWeb\\ProyectoWeb\\frontend\\src\\Componentes\\Login.jsx","statementMap":{"0":{"start":{"line":8,"column":34},"end":{"line":8,"column":46}},"1":{"start":{"line":9,"column":34},"end":{"line":9,"column":46}},"2":{"start":{"line":10,"column":28},"end":{"line":10,"column":40}},"3":{"start":{"line":11,"column":19},"end":{"line":11,"column":32}},"4":{"start":{"line":13,"column":23},"end":{"line":28,"column":3}},"5":{"start":{"line":14,"column":4},"end":{"line":14,"column":23}},"6":{"start":{"line":15,"column":4},"end":{"line":27,"column":5}},"7":{"start":{"line":16,"column":18},"end":{"line":16,"column":82}},"8":{"start":{"line":17,"column":33},"end":{"line":17,"column":41}},"9":{"start":{"line":19,"column":22},"end":{"line":19,"column":59}},"10":{"start":{"line":20,"column":19},"end":{"line":20,"column":44}},"11":{"start":{"line":22,"column":6},"end":{"line":22,"column":43}},"12":{"start":{"line":23,"column":6},"end":{"line":24,"column":32}},"13":{"start":{"line":23,"column":28},"end":{"line":23,"column":47}},"14":{"start":{"line":24,"column":11},"end":{"line":24,"column":32}},"15":{"start":{"line":26,"column":6},"end":{"line":26,"column":67}},"16":{"start":{"line":30,"column":2},"end":{"line":69,"column":4}},"17":{"start":{"line":44,"column":29},"end":{"line":44,"column":56}},"18":{"start":{"line":55,"column":29},"end":{"line":55,"column":56}}},"fnMap":{"0":{"name":"Login","decl":{"start":{"line":7,"column":24},"end":{"line":7,"column":29}},"loc":{"start":{"line":7,"column":32},"end":{"line":70,"column":1}},"line":7},"1":{"name":"(anonymous_1)","decl":{"start":{"line":13,"column":23},"end":{"line":13,"column":24}},"loc":{"start":{"line":13,"column":34},"end":{"line":28,"column":3}},"line":13},"2":{"name":"(anonymous_2)","decl":{"start":{"line":44,"column":24},"end":{"line":44,"column":25}},"loc":{"start":{"line":44,"column":29},"end":{"line":44,"column":56}},"line":44},"3":{"name":"(anonymous_3)","decl":{"start":{"line":55,"column":24},"end":{"line":55,"column":25}},"loc":{"start":{"line":55,"column":29},"end":{"line":55,"column":56}},"line":55}},"branchMap":{"0":{"loc":{"start":{"line":20,"column":19},"end":{"line":20,"column":44}},"type":"binary-expr","locations":[{"start":{"line":20,"column":19},"end":{"line":20,"column":31}},{"start":{"line":20,"column":35},"end":{"line":20,"column":44}}],"line":20},"1":{"loc":{"start":{"line":23,"column":6},"end":{"line":24,"column":32}},"type":"if","locations":[{"start":{"line":23,"column":6},"end":{"line":24,"column":32}},{"start":{"line":24,"column":11},"end":{"line":24,"column":32}}],"line":23},"2":{"loc":{"start":{"line":26,"column":15},"end":{"line":26,"column":65}},"type":"binary-expr","locations":[{"start":{"line":26,"column":15},"end":{"line":26,"column":40}},{"start":{"line":26,"column":44},"end":{"line":26,"column":65}}],"line":26},"3":{"loc":{"start":{"line":35,"column":9},"end":{"line":35,"column":62}},"type":"binary-expr","locations":[{"start":{"line":35,"column":9},"end":{"line":35,"column":14}},{"start":{"line":35,"column":18},"end":{"line":35,"column":62}}],"line":35}},"s":{"0":0,"1":0,"2":0,"3":0,"4":0,"5":0,"6":0,"7":0,"8":0,"9":0,"10":0,"11":0,"12":0,"13":0,"14":0,"15":0,"16":0,"17":0,"18":0},"f":{"0":0,"1":0,"2":0,"3":0},"b":{"0":[0,0],"1":[0,0],"2":[0,0],"3":[0,0]}}
,"C:\\Users\\b_bry\\Documents\\Ingenieria\\9no\\PrograWeb\\ProyectoWeb\\frontend\\src\\Componentes\\MisReservaciones.jsx": {"path":"C:\\Users\\b_bry\\Documents\\Ingenieria\\9no\\PrograWeb\\ProyectoWeb\\frontend\\src\\Componentes\\MisReservaciones.jsx","statementMap":{"0":{"start":{"line":6,"column":34},"end":{"line":6,"column":46}},"1":{"start":{"line":7,"column":28},"end":{"line":7,"column":40}},"2":{"start":{"line":9,"column":2},"end":{"line":40,"column":9}},"3":{"start":{"line":10,"column":26},"end":{"line":37,"column":5}},"4":{"start":{"line":11,"column":20},"end":{"line":11,"column":49}},"5":{"start":{"line":12,"column":6},"end":{"line":15,"column":7}},"6":{"start":{"line":13,"column":8},"end":{"line":13,"column":41}},"7":{"start":{"line":14,"column":8},"end":{"line":14,"column":15}},"8":{"start":{"line":17,"column":6},"end":{"line":36,"column":7}},"9":{"start":{"line":18,"column":20},"end":{"line":24,"column":10}},"10":{"start":{"line":26,"column":8},"end":{"line":29,"column":9}},"11":{"start":{"line":27,"column":10},"end":{"line":27,"column":58}},"12":{"start":{"line":28,"column":10},"end":{"line":28,"column":17}},"13":{"start":{"line":30,"column":8},"end":{"line":30,"column":39}},"14":{"start":{"line":30,"column":21},"end":{"line":30,"column":39}},"15":{"start":{"line":32,"column":21},"end":{"line":32,"column":37}},"16":{"start":{"line":33,"column":8},"end":{"line":33,"column":26}},"17":{"start":{"line":35,"column":8},"end":{"line":35,"column":51}},"18":{"start":{"line":39,"column":4},"end":{"line":39,"column":20}},"19":{"start":{"line":42,"column":2},"end":{"line":42,"column":60}},"20":{"start":{"line":42,"column":13},"end":{"line":42,"column":60}},"21":{"start":{"line":44,"column":2},"end":{"line":69,"column":4}},"22":{"start":{"line":54,"column":12},"end":{"line":64,"column":18}}},"fnMap":{"0":{"name":"MisReservaciones","decl":{"start":{"line":5,"column":24},"end":{"line":5,"column":40}},"loc":{"start":{"line":5,"column":43},"end":{"line":70,"column":1}},"line":5},"1":{"name":"(anonymous_1)","decl":{"start":{"line":9,"column":12},"end":{"line":9,"column":13}},"loc":{"start":{"line":9,"column":18},"end":{"line":40,"column":3}},"line":9},"2":{"name":"(anonymous_2)","decl":{"start":{"line":10,"column":26},"end":{"line":10,"column":27}},"loc":{"start":{"line":10,"column":38},"end":{"line":37,"column":5}},"line":10},"3":{"name":"(anonymous_3)","decl":{"start":{"line":53,"column":23},"end":{"line":53,"column":24}},"loc":{"start":{"line":54,"column":12},"end":{"line":64,"column":18}},"line":54}},"branchMap":{"0":{"loc":{"start":{"line":12,"column":6},"end":{"line":15,"column":7}},"type":"if","locations":[{"start":{"line":12,"column":6},"end":{"line":15,"column":7}},{"start":{},"end":{}}],"line":12},"1":{"loc":{"start":{"line":26,"column":8},"end":{"line":29,"column":9}},"type":"if","locations":[{"start":{"line":26,"column":8},"end":{"line":29,"column":9}},{"start":{},"end":{}}],"line":26},"2":{"loc":{"start":{"line":30,"column":8},"end":{"line":30,"column":39}},"type":"if","locations":[{"start":{"line":30,"column":8},"end":{"line":30,"column":39}},{"start":{},"end":{}}],"line":30},"3":{"loc":{"start":{"line":42,"column":2},"end":{"line":42,"column":60}},"type":"if","locations":[{"start":{"line":42,"column":2},"end":{"line":42,"column":60}},{"start":{},"end":{}}],"line":42},"4":{"loc":{"start":{"line":47,"column":7},"end":{"line":47,"column":60}},"type":"binary-expr","locations":[{"start":{"line":47,"column":7},"end":{"line":47,"column":12}},{"start":{"line":47,"column":16},"end":{"line":47,"column":60}}],"line":47},"5":{"loc":{"start":{"line":50,"column":9},"end":{"line":66,"column":9}},"type":"cond-expr","locations":[{"start":{"line":51,"column":10},"end":{"line":51,"column":49}},{"start":{"line":53,"column":10},"end":{"line":65,"column":12}}],"line":50},"6":{"loc":{"start":{"line":55,"column":25},"end":{"line":55,"column":52}},"type":"binary-expr","locations":[{"start":{"line":55,"column":25},"end":{"line":55,"column":31}},{"start":{"line":55,"column":35},"end":{"line":55,"column":52}}],"line":55},"7":{"loc":{"start":{"line":58,"column":16},"end":{"line":62,"column":37}},"type":"cond-expr","locations":[{"start":{"line":59,"column":20},"end":{"line":59,"column":41}},{"start":{"line":60,"column":20},"end":{"line":62,"column":37}}],"line":58},"8":{"loc":{"start":{"line":60,"column":20},"end":{"line":62,"column":37}},"type":"cond-expr","locations":[{"start":{"line":61,"column":22},"end":{"line":61,"column":32}},{"start":{"line":62,"column":22},"end":{"line":62,"column":37}}],"line":60}},"s":{"0":0,"1":0,"2":0,"3":0,"4":0,"5":0,"6":0,"7":0,"8":0,"9":0,"10":0,"11":0,"12":0,"13":0,"14":0,"15":0,"16":0,"17":0,"18":0,"19":0,"20":0,"21":0,"22":0},"f":{"0":0,"1":0,"2":0,"3":0},"b":{"0":[0,0],"1":[0,0],"2":[0,0],"3":[0,0],"4":[0,0],"5":[0,0],"6":[0,0],"7":[0,0],"8":[0,0]}}
,"C:\\Users\\b_bry\\Documents\\Ingenieria\\9no\\PrograWeb\\ProyectoWeb\\frontend\\src\\Componentes\\Peliculas.jsx": {"path":"C:\\Users\\b_bry\\Documents\\Ingenieria\\9no\\PrograWeb\\ProyectoWeb\\frontend\\src\\Componentes\\Peliculas.jsx","statementMap":{"0":{"start":{"line":10,"column":28},"end":{"line":10,"column":40}},"1":{"start":{"line":11,"column":19},"end":{"line":11,"column":32}},"2":{"start":{"line":13,"column":2},"end":{"line":17,"column":9}},"3":{"start":{"line":14,"column":4},"end":{"line":16,"column":60}},"4":{"start":{"line":15,"column":19},"end":{"line":15,"column":37}},"5":{"start":{"line":16,"column":19},"end":{"line":16,"column":58}},"6":{"start":{"line":19,"column":2},"end":{"line":43,"column":4}},"7":{"start":{"line":24,"column":10},"end":{"line":39,"column":16}},"8":{"start":{"line":27,"column":27},"end":{"line":27,"column":64}}},"fnMap":{"0":{"name":"Peliculas","decl":{"start":{"line":9,"column":24},"end":{"line":9,"column":33}},"loc":{"start":{"line":9,"column":36},"end":{"line":44,"column":1}},"line":9},"1":{"name":"(anonymous_1)","decl":{"start":{"line":13,"column":12},"end":{"line":13,"column":13}},"loc":{"start":{"line":13,"column":18},"end":{"line":17,"column":3}},"line":13},"2":{"name":"(anonymous_2)","decl":{"start":{"line":15,"column":12},"end":{"line":15,"column":13}},"loc":{"start":{"line":15,"column":19},"end":{"line":15,"column":37}},"line":15},"3":{"name":"(anonymous_3)","decl":{"start":{"line":16,"column":13},"end":{"line":16,"column":14}},"loc":{"start":{"line":16,"column":19},"end":{"line":16,"column":58}},"line":16},"4":{"name":"(anonymous_4)","decl":{"start":{"line":23,"column":19},"end":{"line":23,"column":20}},"loc":{"start":{"line":24,"column":10},"end":{"line":39,"column":16}},"line":24},"5":{"name":"(anonymous_5)","decl":{"start":{"line":27,"column":21},"end":{"line":27,"column":22}},"loc":{"start":{"line":27,"column":27},"end":{"line":27,"column":64}},"line":27}},"branchMap":{},"s":{"0":0,"1":0,"2":0,"3":0,"4":0,"5":0,"6":0,"7":0,"8":0},"f":{"0":0,"1":0,"2":0,"3":0,"4":0,"5":0},"b":{}}
,"C:\\Users\\b_bry\\Documents\\Ingenieria\\9no\\PrograWeb\\ProyectoWeb\\frontend\\src\\Componentes\\Registro.jsx": {"path":"C:\\Users\\b_bry\\Documents\\Ingenieria\\9no\\PrograWeb\\ProyectoWeb\\frontend\\src\\Componentes\\Registro.jsx","statementMap":{"0":{"start":{"line":9,"column":34},"end":{"line":9,"column":46}},"1":{"start":{"line":10,"column":34},"end":{"line":10,"column":46}},"2":{"start":{"line":11,"column":24},"end":{"line":11,"column":36}},"3":{"start":{"line":12,"column":19},"end":{"line":12,"column":32}},"4":{"start":{"line":14,"column":25},"end":{"line":23,"column":3}},"5":{"start":{"line":15,"column":4},"end":{"line":15,"column":23}},"6":{"start":{"line":16,"column":4},"end":{"line":22,"column":5}},"7":{"start":{"line":17,"column":6},"end":{"line":17,"column":74}},"8":{"start":{"line":18,"column":6},"end":{"line":18,"column":33}},"9":{"start":{"line":19,"column":6},"end":{"line":19,"column":44}},"10":{"start":{"line":19,"column":23},"end":{"line":19,"column":36}},"11":{"start":{"line":21,"column":6},"end":{"line":21,"column":37}},"12":{"start":{"line":25,"column":2},"end":{"line":69,"column":4}},"13":{"start":{"line":43,"column":29},"end":{"line":43,"column":56}},"14":{"start":{"line":54,"column":29},"end":{"line":54,"column":56}}},"fnMap":{"0":{"name":"Registro","decl":{"start":{"line":8,"column":24},"end":{"line":8,"column":32}},"loc":{"start":{"line":8,"column":35},"end":{"line":70,"column":1}},"line":8},"1":{"name":"(anonymous_1)","decl":{"start":{"line":14,"column":25},"end":{"line":14,"column":26}},"loc":{"start":{"line":14,"column":36},"end":{"line":23,"column":3}},"line":14},"2":{"name":"(anonymous_2)","decl":{"start":{"line":19,"column":17},"end":{"line":19,"column":18}},"loc":{"start":{"line":19,"column":23},"end":{"line":19,"column":36}},"line":19},"3":{"name":"(anonymous_3)","decl":{"start":{"line":43,"column":24},"end":{"line":43,"column":25}},"loc":{"start":{"line":43,"column":29},"end":{"line":43,"column":56}},"line":43},"4":{"name":"(anonymous_4)","decl":{"start":{"line":54,"column":24},"end":{"line":54,"column":25}},"loc":{"start":{"line":54,"column":29},"end":{"line":54,"column":56}},"line":54}},"branchMap":{"0":{"loc":{"start":{"line":30,"column":9},"end":{"line":34,"column":9}},"type":"binary-expr","locations":[{"start":{"line":30,"column":9},"end":{"line":30,"column":12}},{"start":{"line":31,"column":10},"end":{"line":33,"column":16}}],"line":30},"1":{"loc":{"start":{"line":31,"column":26},"end":{"line":31,"column":81}},"type":"cond-expr","locations":[{"start":{"line":31,"column":46},"end":{"line":31,"column":63}},{"start":{"line":31,"column":66},"end":{"line":31,"column":81}}],"line":31}},"s":{"0":0,"1":0,"2":0,"3":0,"4":0,"5":0,"6":0,"7":0,"8":0,"9":0,"10":0,"11":0,"12":0,"13":0,"14":0},"f":{"0":0,"1":0,"2":0,"3":0,"4":0},"b":{"0":[0,0],"1":[0,0]}}
,"C:\\Users\\b_bry\\Documents\\Ingenieria\\9no\\PrograWeb\\ProyectoWeb\\frontend\\src\\Componentes\\ReservarDetalle.jsx": {"path":"C:\\Users\\b_bry\\Documents\\Ingenieria\\9no\\PrograWeb\\ProyectoWeb\\frontend\\src\\Componentes\\ReservarDetalle.jsx","statementMap":{"0":{"start":{"line":8,"column":21},"end":{"line":8,"column":32}},"1":{"start":{"line":9,"column":19},"end":{"line":9,"column":32}},"2":{"start":{"line":10,"column":28},"end":{"line":10,"column":40}},"3":{"start":{"line":11,"column":28},"end":{"line":11,"column":40}},"4":{"start":{"line":12,"column":26},"end":{"line":12,"column":38}},"5":{"start":{"line":13,"column":34},"end":{"line":13,"column":46}},"6":{"start":{"line":14,"column":24},"end":{"line":14,"column":36}},"7":{"start":{"line":15,"column":40},"end":{"line":15,"column":55}},"8":{"start":{"line":16,"column":30},"end":{"line":16,"column":42}},"9":{"start":{"line":17,"column":34},"end":{"line":17,"column":49}},"10":{"start":{"line":19,"column":2},"end":{"line":29,"column":9}},"11":{"start":{"line":20,"column":16},"end":{"line":20,"column":26}},"12":{"start":{"line":21,"column":16},"end":{"line":21,"column":18}},"13":{"start":{"line":22,"column":4},"end":{"line":26,"column":5}},"14":{"start":{"line":22,"column":17},"end":{"line":22,"column":18}},"15":{"start":{"line":23,"column":16},"end":{"line":23,"column":29}},"16":{"start":{"line":24,"column":6},"end":{"line":24,"column":35}},"17":{"start":{"line":25,"column":6},"end":{"line":25,"column":44}},"18":{"start":{"line":27,"column":4},"end":{"line":27,"column":18}},"19":{"start":{"line":28,"column":4},"end":{"line":28,"column":21}},"20":{"start":{"line":31,"column":2},"end":{"line":36,"column":22}},"21":{"start":{"line":32,"column":4},"end":{"line":32,"column":23}},"22":{"start":{"line":32,"column":16},"end":{"line":32,"column":23}},"23":{"start":{"line":33,"column":4},"end":{"line":35,"column":54}},"24":{"start":{"line":34,"column":19},"end":{"line":34,"column":36}},"25":{"start":{"line":35,"column":19},"end":{"line":35,"column":52}},"26":{"start":{"line":38,"column":21},"end":{"line":45,"column":3}},"27":{"start":{"line":39,"column":4},"end":{"line":39,"column":25}},"28":{"start":{"line":39,"column":18},"end":{"line":39,"column":25}},"29":{"start":{"line":40,"column":19},"end":{"line":40,"column":70}},"30":{"start":{"line":40,"column":38},"end":{"line":40,"column":69}},"31":{"start":{"line":41,"column":4},"end":{"line":44,"column":6}},"32":{"start":{"line":42,"column":6},"end":{"line":43,"column":42}},"33":{"start":{"line":42,"column":32},"end":{"line":42,"column":66}},"34":{"start":{"line":47,"column":24},"end":{"line":74,"column":3}},"35":{"start":{"line":48,"column":4},"end":{"line":48,"column":22}},"36":{"start":{"line":49,"column":4},"end":{"line":73,"column":5}},"37":{"start":{"line":50,"column":18},"end":{"line":54,"column":8}},"38":{"start":{"line":56,"column":6},"end":{"line":61,"column":10}},"39":{"start":{"line":64,"column":6},"end":{"line":67,"column":15}},"40":{"start":{"line":65,"column":8},"end":{"line":65,"column":30}},"41":{"start":{"line":66,"column":8},"end":{"line":66,"column":70}},"42":{"start":{"line":70,"column":6},"end":{"line":70,"column":60}},"43":{"start":{"line":72,"column":6},"end":{"line":72,"column":25}},"44":{"start":{"line":76,"column":2},"end":{"line":189,"column":4}},"45":{"start":{"line":78,"column":53},"end":{"line":78,"column":73}},"46":{"start":{"line":90,"column":29},"end":{"line":90,"column":53}},"47":{"start":{"line":94,"column":16},"end":{"line":100,"column":25}},"48":{"start":{"line":108,"column":16},"end":{"line":122,"column":22}},"49":{"start":{"line":110,"column":39},"end":{"line":112,"column":21}},"50":{"start":{"line":111,"column":22},"end":{"line":111,"column":70}},"51":{"start":{"line":113,"column":20},"end":{"line":120,"column":22}},"52":{"start":{"line":118,"column":39},"end":{"line":118,"column":86}},"53":{"start":{"line":135,"column":27},"end":{"line":135,"column":47}},"54":{"start":{"line":153,"column":46},"end":{"line":153,"column":70}},"55":{"start":{"line":172,"column":31},"end":{"line":172,"column":52}}},"fnMap":{"0":{"name":"ReservaDetalle","decl":{"start":{"line":7,"column":24},"end":{"line":7,"column":38}},"loc":{"start":{"line":7,"column":41},"end":{"line":190,"column":1}},"line":7},"1":{"name":"(anonymous_1)","decl":{"start":{"line":19,"column":12},"end":{"line":19,"column":13}},"loc":{"start":{"line":19,"column":18},"end":{"line":29,"column":3}},"line":19},"2":{"name":"(anonymous_2)","decl":{"start":{"line":31,"column":12},"end":{"line":31,"column":13}},"loc":{"start":{"line":31,"column":18},"end":{"line":36,"column":3}},"line":31},"3":{"name":"(anonymous_3)","decl":{"start":{"line":34,"column":12},"end":{"line":34,"column":13}},"loc":{"start":{"line":34,"column":19},"end":{"line":34,"column":36}},"line":34},"4":{"name":"(anonymous_4)","decl":{"start":{"line":35,"column":13},"end":{"line":35,"column":14}},"loc":{"start":{"line":35,"column":19},"end":{"line":35,"column":52}},"line":35},"5":{"name":"(anonymous_5)","decl":{"start":{"line":38,"column":21},"end":{"line":38,"column":22}},"loc":{"start":{"line":38,"column":41},"end":{"line":45,"column":3}},"line":38},"6":{"name":"(anonymous_6)","decl":{"start":{"line":40,"column":33},"end":{"line":40,"column":34}},"loc":{"start":{"line":40,"column":38},"end":{"line":40,"column":69}},"line":40},"7":{"name":"(anonymous_7)","decl":{"start":{"line":41,"column":16},"end":{"line":41,"column":17}},"loc":{"start":{"line":42,"column":6},"end":{"line":43,"column":42}},"line":42},"8":{"name":"(anonymous_8)","decl":{"start":{"line":42,"column":27},"end":{"line":42,"column":28}},"loc":{"start":{"line":42,"column":32},"end":{"line":42,"column":66}},"line":42},"9":{"name":"(anonymous_9)","decl":{"start":{"line":47,"column":24},"end":{"line":47,"column":25}},"loc":{"start":{"line":47,"column":36},"end":{"line":74,"column":3}},"line":47},"10":{"name":"(anonymous_10)","decl":{"start":{"line":64,"column":17},"end":{"line":64,"column":18}},"loc":{"start":{"line":64,"column":23},"end":{"line":67,"column":7}},"line":64},"11":{"name":"(anonymous_11)","decl":{"start":{"line":78,"column":47},"end":{"line":78,"column":48}},"loc":{"start":{"line":78,"column":53},"end":{"line":78,"column":73}},"line":78},"12":{"name":"(anonymous_12)","decl":{"start":{"line":90,"column":24},"end":{"line":90,"column":25}},"loc":{"start":{"line":90,"column":29},"end":{"line":90,"column":53}},"line":90},"13":{"name":"(anonymous_13)","decl":{"start":{"line":93,"column":25},"end":{"line":93,"column":26}},"loc":{"start":{"line":94,"column":16},"end":{"line":100,"column":25}},"line":94},"14":{"name":"(anonymous_14)","decl":{"start":{"line":107,"column":24},"end":{"line":107,"column":25}},"loc":{"start":{"line":108,"column":16},"end":{"line":122,"column":22}},"line":108},"15":{"name":"(anonymous_15)","decl":{"start":{"line":109,"column":36},"end":{"line":109,"column":37}},"loc":{"start":{"line":109,"column":43},"end":{"line":121,"column":19}},"line":109},"16":{"name":"(anonymous_16)","decl":{"start":{"line":110,"column":53},"end":{"line":110,"column":54}},"loc":{"start":{"line":111,"column":22},"end":{"line":111,"column":70}},"line":111},"17":{"name":"(anonymous_17)","decl":{"start":{"line":118,"column":33},"end":{"line":118,"column":34}},"loc":{"start":{"line":118,"column":39},"end":{"line":118,"column":86}},"line":118},"18":{"name":"(anonymous_18)","decl":{"start":{"line":135,"column":21},"end":{"line":135,"column":22}},"loc":{"start":{"line":135,"column":27},"end":{"line":135,"column":47}},"line":135},"19":{"name":"(anonymous_19)","decl":{"start":{"line":153,"column":41},"end":{"line":153,"column":42}},"loc":{"start":{"line":153,"column":46},"end":{"line":153,"column":70}},"line":153},"20":{"name":"(anonymous_20)","decl":{"start":{"line":172,"column":25},"end":{"line":172,"column":26}},"loc":{"start":{"line":172,"column":31},"end":{"line":172,"column":52}},"line":172}},"branchMap":{"0":{"loc":{"start":{"line":32,"column":4},"end":{"line":32,"column":23}},"type":"if","locations":[{"start":{"line":32,"column":4},"end":{"line":32,"column":23}},{"start":{},"end":{}}],"line":32},"1":{"loc":{"start":{"line":39,"column":4},"end":{"line":39,"column":25}},"type":"if","locations":[{"start":{"line":39,"column":4},"end":{"line":39,"column":25}},{"start":{},"end":{}}],"line":39},"2":{"loc":{"start":{"line":40,"column":38},"end":{"line":40,"column":69}},"type":"binary-expr","locations":[{"start":{"line":40,"column":38},"end":{"line":40,"column":50}},{"start":{"line":40,"column":54},"end":{"line":40,"column":69}}],"line":40},"3":{"loc":{"start":{"line":42,"column":6},"end":{"line":43,"column":42}},"type":"cond-expr","locations":[{"start":{"line":42,"column":15},"end":{"line":42,"column":67}},{"start":{"line":43,"column":8},"end":{"line":43,"column":42}}],"line":42},"4":{"loc":{"start":{"line":42,"column":34},"end":{"line":42,"column":65}},"type":"binary-expr","locations":[{"start":{"line":42,"column":34},"end":{"line":42,"column":46}},{"start":{"line":42,"column":50},"end":{"line":42,"column":65}}],"line":42},"5":{"loc":{"start":{"line":70,"column":13},"end":{"line":70,"column":58}},"type":"binary-expr","locations":[{"start":{"line":70,"column":13},"end":{"line":70,"column":36}},{"start":{"line":70,"column":40},"end":{"line":70,"column":58}}],"line":70},"6":{"loc":{"start":{"line":111,"column":22},"end":{"line":111,"column":70}},"type":"binary-expr","locations":[{"start":{"line":111,"column":22},"end":{"line":111,"column":41}},{"start":{"line":111,"column":45},"end":{"line":111,"column":70}}],"line":111},"7":{"loc":{"start":{"line":116,"column":43},"end":{"line":117,"column":63}},"type":"cond-expr","locations":[{"start":{"line":116,"column":58},"end":{"line":116,"column":68}},{"start":{"line":117,"column":26},"end":{"line":117,"column":63}}],"line":116},"8":{"loc":{"start":{"line":117,"column":26},"end":{"line":117,"column":63}},"type":"cond-expr","locations":[{"start":{"line":117,"column":39},"end":{"line":117,"column":49}},{"start":{"line":117,"column":52},"end":{"line":117,"column":63}}],"line":117},"9":{"loc":{"start":{"line":134,"column":41},"end":{"line":134,"column":80}},"type":"cond-expr","locations":[{"start":{"line":134,"column":59},"end":{"line":134,"column":67}},{"start":{"line":134,"column":70},"end":{"line":134,"column":80}}],"line":134},"10":{"loc":{"start":{"line":142,"column":9},"end":{"line":142,"column":58}},"type":"binary-expr","locations":[{"start":{"line":142,"column":9},"end":{"line":142,"column":12}},{"start":{"line":142,"column":16},"end":{"line":142,"column":58}}],"line":142},"11":{"loc":{"start":{"line":145,"column":7},"end":{"line":187,"column":7}},"type":"binary-expr","locations":[{"start":{"line":145,"column":7},"end":{"line":145,"column":18}},{"start":{"line":146,"column":8},"end":{"line":186,"column":14}}],"line":145},"12":{"loc":{"start":{"line":182,"column":17},"end":{"line":182,"column":62}},"type":"cond-expr","locations":[{"start":{"line":182,"column":28},"end":{"line":182,"column":43}},{"start":{"line":182,"column":46},"end":{"line":182,"column":62}}],"line":182}},"s":{"0":0,"1":0,"2":0,"3":0,"4":0,"5":0,"6":0,"7":0,"8":0,"9":0,"10":0,"11":0,"12":0,"13":0,"14":0,"15":0,"16":0,"17":0,"18":0,"19":0,"20":0,"21":0,"22":0,"23":0,"24":0,"25":0,"26":0,"27":0,"28":0,"29":0,"30":0,"31":0,"32":0,"33":0,"34":0,"35":0,"36":0,"37":0,"38":0,"39":0,"40":0,"41":0,"42":0,"43":0,"44":0,"45":0,"46":0,"47":0,"48":0,"49":0,"50":0,"51":0,"52":0,"53":0,"54":0,"55":0},"f":{"0":0,"1":0,"2":0,"3":0,"4":0,"5":0,"6":0,"7":0,"8":0,"9":0,"10":0,"11":0,"12":0,"13":0,"14":0,"15":0,"16":0,"17":0,"18":0,"19":0,"20":0},"b":{"0":[0,0],"1":[0,0],"2":[0,0],"3":[0,0],"4":[0,0],"5":[0,0],"6":[0,0],"7":[0,0],"8":[0,0],"9":[0,0],"10":[0,0],"11":[0,0],"12":[0,0]}}
}
